app/build/intermediates/manifest_merge_blame_file/debug/manifest-merger-blame-debug-report.txt
1<?xml version="1.0" encoding="utf-8"?>
2<manifest xmlns:android="http://schemas.android.com/apk/res/android"
3    package="com.example.smarthomeapp"
4    android:versionCode="1"
5    android:versionName="1.0" >
6
7    <uses-sdk
8        android:minSdkVersion="24"
9        android:targetSdkVersion="34" />
10
11    <permission
11-->[androidx.core:core:1.9.0] AndroidManifest.xml:22:5-24:47
12        android:name="com.example.smarthomeapp.DYNAMIC_RECEIVER_NOT_EXPORTED_PERMISSION"
12-->[androidx.core:core:1.9.0] AndroidManifest.xml:23:9-81
13        android:protectionLevel="signature" />
13-->[androidx.core:core:1.9.0] AndroidManifest.xml:24:9-44
14
15    <uses-permission android:name="com.example.smarthomeapp.DYNAMIC_RECEIVER_NOT_EXPORTED_PERMISSION" />
15-->[androidx.core:core:1.9.0] AndroidManifest.xml:26:5-97
15-->[androidx.core:core:1.9.0] AndroidManifest.xml:26:22-94
16
17    <application
17-->src/main/AndroidManifest.xml:5:5-44:19
18        android:allowBackup="true"
18-->src/main/AndroidManifest.xml:6:9-35
19        android:appComponentFactory="androidx.core.app.CoreComponentFactory"
19-->[androidx.core:core:1.9.0] AndroidManifest.xml:28:18-86
20        android:dataExtractionRules="@xml/data_extraction_rules"
20-->src/main/AndroidManifest.xml:7:9-65
21        android:debuggable="true"
22        android:extractNativeLibs="false"
23        android:fullBackupContent="@xml/backup_rules"
23-->src/main/AndroidManifest.xml:8:9-54
24        android:icon="@mipmap/ic_launcher"
24-->src/main/AndroidManifest.xml:9:9-43
25        android:label="@string/app_name"
25-->src/main/AndroidManifest.xml:10:9-41
26        android:roundIcon="@mipmap/ic_launcher_round"
26-->src/main/AndroidManifest.xml:11:9-54
27        android:supportsRtl="true"
27-->src/main/AndroidManifest.xml:12:9-35
28        android:testOnly="true"
29        android:theme="@style/Theme.SmartHomeApp" >
29-->src/main/AndroidManifest.xml:13:9-50
30        <activity
30-->src/main/AndroidManifest.xml:16:9-24:20
31            android:name="com.example.smarthomeapp.IntroActivity"
31-->src/main/AndroidManifest.xml:17:13-42
32            android:exported="true"
32-->src/main/AndroidManifest.xml:18:13-36
33            android:theme="@style/Theme.SmartHomeApp.NoActionBar" >
33-->src/main/AndroidManifest.xml:19:13-66
34            <intent-filter>
34-->src/main/AndroidManifest.xml:20:13-23:29
35                <action android:name="android.intent.action.MAIN" />
35-->src/main/AndroidManifest.xml:21:17-69
35-->src/main/AndroidManifest.xml:21:25-66
36
37                <category android:name="android.intent.category.LAUNCHER" />
37-->src/main/AndroidManifest.xml:22:17-77
37-->src/main/AndroidManifest.xml:22:27-74
38            </intent-filter>
39        </activity>
40        <activity
40-->src/main/AndroidManifest.xml:26:9-29:69
41            android:name="com.example.smarthomeapp.AuthActivity"
41-->src/main/AndroidManifest.xml:27:13-41
42            android:exported="false"
42-->src/main/AndroidManifest.xml:28:13-37
43            android:theme="@style/Theme.SmartHomeApp.NoActionBar" />
43-->src/main/AndroidManifest.xml:29:13-66
44        <activity
44-->src/main/AndroidManifest.xml:31:9-34:69
45            android:name="com.example.smarthomeapp.LoginActivity"
45-->src/main/AndroidManifest.xml:32:13-42
46            android:exported="false"
46-->src/main/AndroidManifest.xml:33:13-37
47            android:theme="@style/Theme.SmartHomeApp.NoActionBar" />
47-->src/main/AndroidManifest.xml:34:13-66
48        <activity
48-->src/main/AndroidManifest.xml:36:9-39:69
49            android:name="com.example.smarthomeapp.SignUpActivity"
49-->src/main/AndroidManifest.xml:37:13-43
50            android:exported="false"
50-->src/main/AndroidManifest.xml:38:13-37
51            android:theme="@style/Theme.SmartHomeApp.NoActionBar" />
51-->src/main/AndroidManifest.xml:39:13-66
52        <activity
52-->src/main/AndroidManifest.xml:41:9-43:40
53            android:name="com.example.smarthomeapp.MainActivity"
53-->src/main/AndroidManifest.xml:42:13-41
54            android:exported="false" />
54-->src/main/AndroidManifest.xml:43:13-37
55
56        <provider
56-->[androidx.emoji2:emoji2:1.2.0] AndroidManifest.xml:24:9-32:20
57            android:name="androidx.startup.InitializationProvider"
57-->[androidx.emoji2:emoji2:1.2.0] AndroidManifest.xml:25:13-67
58            android:authorities="com.example.smarthomeapp.androidx-startup"
58-->[androidx.emoji2:emoji2:1.2.0] AndroidManifest.xml:26:13-68
59            android:exported="false" >
59-->[androidx.emoji2:emoji2:1.2.0] AndroidManifest.xml:27:13-37
60            <meta-data
60-->[androidx.emoji2:emoji2:1.2.0] AndroidManifest.xml:29:13-31:52
61                android:name="androidx.emoji2.text.EmojiCompatInitializer"
61-->[androidx.emoji2:emoji2:1.2.0] AndroidManifest.xml:30:17-75
62                android:value="androidx.startup" />
62-->[androidx.emoji2:emoji2:1.2.0] AndroidManifest.xml:31:17-49
63            <meta-data
63-->[androidx.lifecycle:lifecycle-process:2.6.1] AndroidManifest.xml:29:13-31:52
64                android:name="androidx.lifecycle.ProcessLifecycleInitializer"
64-->[androidx.lifecycle:lifecycle-process:2.6.1] AndroidManifest.xml:30:17-78
65                android:value="androidx.startup" />
65-->[androidx.lifecycle:lifecycle-process:2.6.1] AndroidManifest.xml:31:17-49
66            <meta-data
66-->[androidx.profileinstaller:profileinstaller:1.3.0] AndroidManifest.xml:29:13-31:52
67                android:name="androidx.profileinstaller.ProfileInstallerInitializer"
67-->[androidx.profileinstaller:profileinstaller:1.3.0] AndroidManifest.xml:30:17-85
68                android:value="androidx.startup" />
68-->[androidx.profileinstaller:profileinstaller:1.3.0] AndroidManifest.xml:31:17-49
69        </provider>
70
71        <receiver
71-->[androidx.profileinstaller:profileinstaller:1.3.0] AndroidManifest.xml:34:9-52:20
72            android:name="androidx.profileinstaller.ProfileInstallReceiver"
72-->[androidx.profileinstaller:profileinstaller:1.3.0] AndroidManifest.xml:35:13-76
73            android:directBootAware="false"
73-->[androidx.profileinstaller:profileinstaller:1.3.0] AndroidManifest.xml:36:13-44
74            android:enabled="true"
74-->[androidx.profileinstaller:profileinstaller:1.3.0] AndroidManifest.xml:37:13-35
75            android:exported="true"
75-->[androidx.profileinstaller:profileinstaller:1.3.0] AndroidManifest.xml:38:13-36
76            android:permission="android.permission.DUMP" >
76-->[androidx.profileinstaller:profileinstaller:1.3.0] AndroidManifest.xml:39:13-57
77            <intent-filter>
77-->[androidx.profileinstaller:profileinstaller:1.3.0] AndroidManifest.xml:40:13-42:29
78                <action android:name="androidx.profileinstaller.action.INSTALL_PROFILE" />
78-->[androidx.profileinstaller:profileinstaller:1.3.0] AndroidManifest.xml:41:17-91
78-->[androidx.profileinstaller:profileinstaller:1.3.0] AndroidManifest.xml:41:25-88
79            </intent-filter>
80            <intent-filter>
80-->[androidx.profileinstaller:profileinstaller:1.3.0] AndroidManifest.xml:43:13-45:29
81                <action android:name="androidx.profileinstaller.action.SKIP_FILE" />
81-->[androidx.profileinstaller:profileinstaller:1.3.0] AndroidManifest.xml:44:17-85
81-->[androidx.profileinstaller:profileinstaller:1.3.0] AndroidManifest.xml:44:25-82
82            </intent-filter>
83            <intent-filter>
83-->[androidx.profileinstaller:profileinstaller:1.3.0] AndroidManifest.xml:46:13-48:29
84                <action android:name="androidx.profileinstaller.action.SAVE_PROFILE" />
84-->[androidx.profileinstaller:profileinstaller:1.3.0] AndroidManifest.xml:47:17-88
84-->[androidx.profileinstaller:profileinstaller:1.3.0] AndroidManifest.xml:47:25-85
85            </intent-filter>
86            <intent-filter>
86-->[androidx.profileinstaller:profileinstaller:1.3.0] AndroidManifest.xml:49:13-51:29
87                <action android:name="androidx.profileinstaller.action.BENCHMARK_OPERATION" />
87-->[androidx.profileinstaller:profileinstaller:1.3.0] AndroidManifest.xml:50:17-95
87-->[androidx.profileinstaller:profileinstaller:1.3.0] AndroidManifest.xml:50:25-92
88            </intent-filter>
89        </receiver>
90    </application>
91
92</manifest>